D:\INFERENCEENGINE\INFERENCEENGINE\DEBUG\INFERENCEENGINE.PCH
D:\INFERENCEENGINE\INFERENCEENGINE\DEBUG\STDAFX.OBJ
D:\INFERENCEENGINE\INFERENCEENGINE\DEBUG\VC110.PDB
D:\INFERENCEENGINE\INFERENCEENGINE\DEBUG\DBN.OBJ
D:\INFERENCEENGINE\INFERENCEENGINE\DEBUG\INFERENCEENGINE.OBJ
D:\INFERENCEENGINE\INFERENCEENGINE\DEBUG\PROBRECORD.OBJ
D:\INFERENCEENGINE\DEBUG\INFERENCEENGINE.ILK
D:\INFERENCEENGINE\DEBUG\INFERENCEENGINE.EXE
D:\INFERENCEENGINE\DEBUG\INFERENCEENGINE.PDB
D:\InferenceEngine\InferenceEngine\Debug\dbn.obj
D:\InferenceEngine\InferenceEngine\Debug\InferenceEngine.obj
D:\InferenceEngine\InferenceEngine\Debug\probrecord.obj
D:\InferenceEngine\InferenceEngine\Debug\stdafx.obj
D:\InferenceEngine\InferenceEngine\Debug\cl.command.1.tlog
D:\InferenceEngine\InferenceEngine\Debug\CL.read.1.tlog
D:\InferenceEngine\InferenceEngine\Debug\CL.write.1.tlog
D:\InferenceEngine\InferenceEngine\Debug\link-cvtres.read.1.tlog
D:\InferenceEngine\InferenceEngine\Debug\link-cvtres.write.1.tlog
D:\InferenceEngine\InferenceEngine\Debug\link-rc.read.1.tlog
D:\InferenceEngine\InferenceEngine\Debug\link-rc.write.1.tlog
D:\InferenceEngine\InferenceEngine\Debug\link.command.1.tlog
D:\InferenceEngine\InferenceEngine\Debug\link.read.1.tlog
D:\InferenceEngine\InferenceEngine\Debug\link.write.1.tlog
D:\InferenceEngine\InferenceEngine\Debug\InferenceEngine.pch
D:\InferenceEngine\InferenceEngine\Debug\vc110.idb
D:\InferenceEngine\InferenceEngine\Debug\vc110.pdb
D:\InferenceEngine\Debug\InferenceEngine.pdb
D:\InferenceEngine\Debug\InferenceEngine.exe
D:\InferenceEngine\Debug\InferenceEngine.ilk
