Build started 2013-11-01 8:51:47 PM.
     1>Project "D:\InferenceEngine\InferenceEngine\InferenceEngine.vcxproj" on node 2 (Rebuild target(s)).
     1>ClCompile:
         C:\Program Files (x86)\Microsoft Visual Studio 11.0\VC\bin\CL.exe /c /ID:\InferenceEngine\InferenceEngine\smile /ZI /nologo /W3 /WX- /sdl /Od /Oy- /D WIN32 /D _DEBUG /D _CONSOLE /D _CRT_SECURE_NO_WARNINGS /D _USING_V110_SDK71_ /D _UNICODE /D UNICODE /Gm /EHsc /RTC1 /MDd /GS /fp:precise /Zc:wchar_t /Zc:forScope /Yc"stdafx.h" /Fp"Debug\InferenceEngine.pch" /Fo"Debug\\" /Fd"Debug\vc110.pdb" /Gd /TP /analyze- /errorReport:prompt stdafx.cpp
         stdafx.cpp
         C:\Program Files (x86)\Microsoft Visual Studio 11.0\VC\bin\CL.exe /c /ID:\InferenceEngine\InferenceEngine\smile /ZI /nologo /W3 /WX- /sdl /Od /Oy- /D WIN32 /D _DEBUG /D _CONSOLE /D _CRT_SECURE_NO_WARNINGS /D _USING_V110_SDK71_ /D _UNICODE /D UNICODE /Gm /EHsc /RTC1 /MDd /GS /fp:precise /Zc:wchar_t /Zc:forScope /Yu"stdafx.h" /Fp"Debug\InferenceEngine.pch" /Fo"Debug\\" /Fd"Debug\vc110.pdb" /Gd /TP /analyze- /errorReport:prompt dbn.cpp InferenceEngine.cpp probrecord.cpp
         probrecord.cpp
         InferenceEngine.cpp
     1>d:\inferenceengine\inferenceengine\inferenceengine.cpp(141): warning C4244: 'initializing' : conversion from '__int64' to 'int', possible loss of data
     1>d:\inferenceengine\inferenceengine\inferenceengine.cpp(142): warning C4244: 'initializing' : conversion from '__int64' to 'int', possible loss of data
     1>d:\inferenceengine\inferenceengine\inferenceengine.cpp(226): warning C4018: '<' : signed/unsigned mismatch
     1>d:\inferenceengine\inferenceengine\inferenceengine.cpp(182): warning C4101: 'ul' : unreferenced local variable
         dbn.cpp
         Generating Code...
       Link:
         C:\Program Files (x86)\Microsoft Visual Studio 11.0\VC\bin\link.exe /ERRORREPORT:PROMPT /OUT:"D:\InferenceEngine\Debug\InferenceEngine.exe" /INCREMENTAL /NOLOGO /LIBPATH:D:\InferenceEngine\InferenceEngine\smile kernel32.lib user32.lib gdi32.lib winspool.lib comdlg32.lib advapi32.lib shell32.lib ole32.lib oleaut32.lib uuid.lib odbc32.lib odbccp32.lib /MANIFEST /MANIFESTUAC:"level='asInvoker' uiAccess='false'" /manifest:embed /DEBUG /PDB:"D:\InferenceEngine\Debug\InferenceEngine.pdb" /SUBSYSTEM:CONSOLE,"5.01" /TLBID:1 /DYNAMICBASE /NXCOMPAT /IMPLIB:"D:\InferenceEngine\Debug\InferenceEngine.lib" /MACHINE:X86 Debug\dbn.obj
         Debug\InferenceEngine.obj
         Debug\probrecord.obj
         Debug\stdafx.obj
         InferenceEngine.vcxproj -> D:\InferenceEngine\Debug\InferenceEngine.exe
     1>Done Building Project "D:\InferenceEngine\InferenceEngine\InferenceEngine.vcxproj" (Rebuild target(s)).

Build succeeded.

Time Elapsed 00:00:03.20
