D:\INFERENCEENGINE\INFERENCEENGINE\RELEASE\INFERENCEENGINE.PCH
D:\INFERENCEENGINE\INFERENCEENGINE\RELEASE\STDAFX.OBJ
D:\INFERENCEENGINE\INFERENCEENGINE\RELEASE\VC110.PDB
D:\INFERENCEENGINE\INFERENCEENGINE\RELEASE\PROBRECORD.OBJ
D:\INFERENCEENGINE\INFERENCEENGINE\RELEASE\INFERENCEENGINE.OBJ
D:\INFERENCEENGINE\INFERENCEENGINE\RELEASE\DBN.OBJ
D:\INFERENCEENGINE\RELEASE\INFERENCEENGINE.EXE
D:\INFERENCEENGINE\RELEASE\INFERENCEENGINE.PDB
D:\InferenceEngine\InferenceEngine\Release\dbn.obj
D:\InferenceEngine\InferenceEngine\Release\InferenceEngine.obj
D:\InferenceEngine\InferenceEngine\Release\probrecord.obj
D:\InferenceEngine\InferenceEngine\Release\stdafx.obj
D:\InferenceEngine\InferenceEngine\Release\cl.command.1.tlog
D:\InferenceEngine\InferenceEngine\Release\CL.read.1.tlog
D:\InferenceEngine\InferenceEngine\Release\CL.write.1.tlog
D:\InferenceEngine\InferenceEngine\Release\link-cvtres.read.1.tlog
D:\InferenceEngine\InferenceEngine\Release\link-cvtres.write.1.tlog
D:\InferenceEngine\InferenceEngine\Release\link-rc.read.1.tlog
D:\InferenceEngine\InferenceEngine\Release\link-rc.write.1.tlog
D:\InferenceEngine\InferenceEngine\Release\link.command.1.tlog
D:\InferenceEngine\InferenceEngine\Release\link.read.1.tlog
D:\InferenceEngine\InferenceEngine\Release\link.write.1.tlog
D:\InferenceEngine\InferenceEngine\Release\InferenceEngine.pch
D:\InferenceEngine\InferenceEngine\Release\vc110.pdb
D:\InferenceEngine\Release\InferenceEngine.pdb
D:\InferenceEngine\Release\InferenceEngine.exe
