Build started 2013-11-01 8:51:56 PM.
     1>Project "D:\InferenceEngine\InferenceEngine\InferenceEngine.vcxproj" on node 2 (Rebuild target(s)).
     1>ClCompile:
         C:\Program Files (x86)\Microsoft Visual Studio 11.0\VC\bin\CL.exe /c /ID:\InferenceEngine\InferenceEngine\smile /Zi /nologo /W3 /WX- /sdl /O2 /Oi /Oy- /GL /D WIN32 /D NDEBUG /D _CONSOLE /D _CRT_SECURE_NO_WARNINGS /D _USING_V110_SDK71_ /D _UNICODE /D UNICODE /Gm- /EHsc /MD /GS /Gy /fp:precise /Zc:wchar_t /Zc:forScope /Yc"stdafx.h" /Fp"Release\InferenceEngine.pch" /Fo"Release\\" /Fd"Release\vc110.pdb" /Gd /TP /analyze- /errorReport:prompt stdafx.cpp
         stdafx.cpp
         C:\Program Files (x86)\Microsoft Visual Studio 11.0\VC\bin\CL.exe /c /ID:\InferenceEngine\InferenceEngine\smile /Zi /nologo /W3 /WX- /sdl /O2 /Oi /Oy- /GL /D WIN32 /D NDEBUG /D _CONSOLE /D _CRT_SECURE_NO_WARNINGS /D _USING_V110_SDK71_ /D _UNICODE /D UNICODE /Gm- /EHsc /MD /GS /Gy /fp:precise /Zc:wchar_t /Zc:forScope /Yu"stdafx.h" /Fp"Release\InferenceEngine.pch" /Fo"Release\\" /Fd"Release\vc110.pdb" /Gd /TP /analyze- /errorReport:prompt dbn.cpp InferenceEngine.cpp probrecord.cpp
         dbn.cpp
         InferenceEngine.cpp
     1>InferenceEngine.cpp(141): warning C4244: 'initializing' : conversion from '__int64' to 'int', possible loss of data
     1>InferenceEngine.cpp(142): warning C4244: 'initializing' : conversion from '__int64' to 'int', possible loss of data
     1>InferenceEngine.cpp(226): warning C4018: '<' : signed/unsigned mismatch
     1>InferenceEngine.cpp(182): warning C4101: 'ul' : unreferenced local variable
         probrecord.cpp
       Link:
         C:\Program Files (x86)\Microsoft Visual Studio 11.0\VC\bin\link.exe /ERRORREPORT:PROMPT /OUT:"D:\InferenceEngine\Release\InferenceEngine.exe" /INCREMENTAL:NO /NOLOGO /LIBPATH:D:\InferenceEngine\InferenceEngine\smile kernel32.lib user32.lib gdi32.lib winspool.lib comdlg32.lib advapi32.lib shell32.lib ole32.lib oleaut32.lib uuid.lib odbc32.lib odbccp32.lib /MANIFEST /MANIFESTUAC:"level='asInvoker' uiAccess='false'" /manifest:embed /DEBUG /PDB:"D:\InferenceEngine\Release\InferenceEngine.pdb" /SUBSYSTEM:CONSOLE,"5.01" /OPT:REF /OPT:ICF /LTCG /TLBID:1 /DYNAMICBASE /NXCOMPAT /IMPLIB:"D:\InferenceEngine\Release\InferenceEngine.lib" /MACHINE:X86 /SAFESEH Release\dbn.obj
         Release\InferenceEngine.obj
         Release\probrecord.obj
         Release\stdafx.obj
         Generating code
         Finished generating code
         InferenceEngine.vcxproj -> D:\InferenceEngine\Release\InferenceEngine.exe
     1>Done Building Project "D:\InferenceEngine\InferenceEngine\InferenceEngine.vcxproj" (Rebuild target(s)).

Build succeeded.

Time Elapsed 00:00:03.50
